[debug] [2020-09-04T18:04:13.858Z] ----------------------------------------------------------------------
[debug] [2020-09-04T18:04:13.861Z] Command:       /usr/bin/node /usr/local/bin/firebase deploy
[debug] [2020-09-04T18:04:13.862Z] CLI Version:   8.10.0
[debug] [2020-09-04T18:04:13.862Z] Platform:      linux
[debug] [2020-09-04T18:04:13.862Z] Node Version:  v10.20.1
[debug] [2020-09-04T18:04:13.862Z] Time:          Fri Sep 04 2020 23:34:13 GMT+0530 (India Standard Time)
[debug] [2020-09-04T18:04:13.862Z] ----------------------------------------------------------------------
[debug] [2020-09-04T18:04:13.862Z] 
[debug] [2020-09-04T18:04:13.871Z] > command requires scopes: ["email","openid","https://www.googleapis.com/auth/cloudplatformprojects.readonly","https://www.googleapis.com/auth/firebase","https://www.googleapis.com/auth/cloud-platform"]
[debug] [2020-09-04T18:04:13.872Z] > authorizing via signed-in user
[debug] [2020-09-04T18:04:13.872Z] [iam] checking project todo-c945c for permissions ["firebase.projects.get","firebasehosting.sites.update"]
[debug] [2020-09-04T18:04:13.876Z] >>> HTTP REQUEST POST https://cloudresourcemanager.googleapis.com/v1/projects/todo-c945c:testIamPermissions  
 {"permissions":["firebase.projects.get","firebasehosting.sites.update"]}
[debug] [2020-09-04T18:04:15.530Z] <<< HTTP RESPONSE 200 {"content-type":"application/json; charset=UTF-8","vary":"X-Origin, Referer, Origin,Accept-Encoding","date":"Fri, 04 Sep 2020 18:04:35 GMT","server":"ESF","cache-control":"private","x-xss-protection":"0","x-frame-options":"SAMEORIGIN","x-content-type-options":"nosniff","server-timing":"gfet4t7; dur=1136","alt-svc":"h3-29=\":443\"; ma=2592000,h3-27=\":443\"; ma=2592000,h3-T051=\":443\"; ma=2592000,h3-T050=\":443\"; ma=2592000,h3-Q050=\":443\"; ma=2592000,h3-Q046=\":443\"; ma=2592000,h3-Q043=\":443\"; ma=2592000,quic=\":443\"; ma=2592000; v=\"46,43\"","accept-ranges":"none","transfer-encoding":"chunked"}
[debug] [2020-09-04T18:04:15.538Z] >>> HTTP REQUEST GET https://firebase.googleapis.com/v1beta1/projects/todo-c945c  
 
[debug] [2020-09-04T18:04:16.317Z] <<< HTTP RESPONSE 200 {"content-type":"application/json; charset=UTF-8","vary":"X-Origin, Referer, Origin,Accept-Encoding","date":"Fri, 04 Sep 2020 18:04:36 GMT","server":"ESF","cache-control":"private","x-xss-protection":"0","x-frame-options":"SAMEORIGIN","x-content-type-options":"nosniff","alt-svc":"h3-29=\":443\"; ma=2592000,h3-27=\":443\"; ma=2592000,h3-T051=\":443\"; ma=2592000,h3-T050=\":443\"; ma=2592000,h3-Q050=\":443\"; ma=2592000,h3-Q046=\":443\"; ma=2592000,h3-Q043=\":443\"; ma=2592000,quic=\":443\"; ma=2592000; v=\"46,43\"","accept-ranges":"none","transfer-encoding":"chunked"}
[info] 
[info] === Deploying to 'todo-c945c'...
[info] 
[info] i  deploying hosting 
[debug] [2020-09-04T18:04:16.329Z] >>> HTTP REQUEST POST https://firebasehosting.googleapis.com/v1beta1/sites/todo-c945c/versions  
 {"config":{"rewrites":[{"glob":"**","path":"/index.html"}]},"labels":{"deployment-tool":"cli-firebase"}}
[debug] [2020-09-04T18:06:27.060Z] Error: connect ETIMEDOUT 216.58.200.138:443
    at TCPConnectWrap.afterConnect [as oncomplete] (net.js:1107:14)
[error] 
[error] Error: Server Error. connect ETIMEDOUT 216.58.200.138:443
[debug] [2020-09-04T18:06:43.195Z] ----------------------------------------------------------------------
[debug] [2020-09-04T18:06:43.198Z] Command:       /usr/bin/node /usr/local/bin/firebase deploy
[debug] [2020-09-04T18:06:43.198Z] CLI Version:   8.10.0
[debug] [2020-09-04T18:06:43.198Z] Platform:      linux
[debug] [2020-09-04T18:06:43.199Z] Node Version:  v10.20.1
[debug] [2020-09-04T18:06:43.199Z] Time:          Fri Sep 04 2020 23:36:43 GMT+0530 (India Standard Time)
[debug] [2020-09-04T18:06:43.199Z] ----------------------------------------------------------------------
[debug] [2020-09-04T18:06:43.199Z] 
[debug] [2020-09-04T18:06:43.206Z] > command requires scopes: ["email","openid","https://www.googleapis.com/auth/cloudplatformprojects.readonly","https://www.googleapis.com/auth/firebase","https://www.googleapis.com/auth/cloud-platform"]
[debug] [2020-09-04T18:06:43.207Z] > authorizing via signed-in user
[debug] [2020-09-04T18:06:43.207Z] [iam] checking project todo-c945c for permissions ["firebase.projects.get","firebasehosting.sites.update"]
[debug] [2020-09-04T18:06:43.210Z] >>> HTTP REQUEST POST https://cloudresourcemanager.googleapis.com/v1/projects/todo-c945c:testIamPermissions  
 {"permissions":["firebase.projects.get","firebasehosting.sites.update"]}
[debug] [2020-09-04T18:06:44.514Z] <<< HTTP RESPONSE 200 {"content-type":"application/json; charset=UTF-8","vary":"X-Origin, Referer, Origin,Accept-Encoding","date":"Fri, 04 Sep 2020 18:07:04 GMT","server":"ESF","cache-control":"private","x-xss-protection":"0","x-frame-options":"SAMEORIGIN","x-content-type-options":"nosniff","server-timing":"gfet4t7; dur=1137","alt-svc":"h3-29=\":443\"; ma=2592000,h3-27=\":443\"; ma=2592000,h3-T051=\":443\"; ma=2592000,h3-T050=\":443\"; ma=2592000,h3-Q050=\":443\"; ma=2592000,h3-Q046=\":443\"; ma=2592000,h3-Q043=\":443\"; ma=2592000,quic=\":443\"; ma=2592000; v=\"46,43\"","accept-ranges":"none","transfer-encoding":"chunked"}
[debug] [2020-09-04T18:06:44.517Z] >>> HTTP REQUEST GET https://firebase.googleapis.com/v1beta1/projects/todo-c945c  
 
[debug] [2020-09-04T18:06:44.817Z] <<< HTTP RESPONSE 200 {"content-type":"application/json; charset=UTF-8","vary":"X-Origin, Referer, Origin,Accept-Encoding","date":"Fri, 04 Sep 2020 18:07:04 GMT","server":"ESF","cache-control":"private","x-xss-protection":"0","x-frame-options":"SAMEORIGIN","x-content-type-options":"nosniff","alt-svc":"h3-29=\":443\"; ma=2592000,h3-27=\":443\"; ma=2592000,h3-T051=\":443\"; ma=2592000,h3-T050=\":443\"; ma=2592000,h3-Q050=\":443\"; ma=2592000,h3-Q046=\":443\"; ma=2592000,h3-Q043=\":443\"; ma=2592000,quic=\":443\"; ma=2592000; v=\"46,43\"","accept-ranges":"none","transfer-encoding":"chunked"}
[info] 
[info] === Deploying to 'todo-c945c'...
[info] 
[info] i  deploying hosting 
[debug] [2020-09-04T18:06:44.822Z] >>> HTTP REQUEST POST https://firebasehosting.googleapis.com/v1beta1/sites/todo-c945c/versions  
 {"config":{"rewrites":[{"glob":"**","path":"/index.html"}]},"labels":{"deployment-tool":"cli-firebase"}}
[debug] [2020-09-04T18:08:54.515Z] Error: connect ETIMEDOUT 216.58.200.138:443
    at TCPConnectWrap.afterConnect [as oncomplete] (net.js:1107:14)
[error] 
[error] Error: Server Error. connect ETIMEDOUT 216.58.200.138:443
